This is XeTeX, Version 3.14159265-2.6-0.99998 (TeX Live 2017/W32TeX) (preloaded format=xelatex 2017.6.5)  12 JUN 2017 11:59
entering extended mode
 restricted \write18 enabled.
 %&-line parsing enabled.
**./sec4.tex
(./sec4.tex
LaTeX2e <2017-04-15>
Babel <3.10> and hyphenation patterns for 84 language(s) loaded.
! Undefined control sequence.
l.1 \jxhj
         {%教学后记
The control sequence at the end of the top line
of your error message was never \def'ed. If you have
misspelled it (e.g., `\hobx'), type `I' and the correct
spelling (e.g., `I\hbox'). Otherwise just continue,
and I'll forget about whatever was undefined.

! Undefined control sequence.
l.3 \skrq
         {%授课日期
The control sequence at the end of the top line
of your error message was never \def'ed. If you have
misspelled it (e.g., `\hobx'), type `I' and the correct
spelling (e.g., `I\hbox'). Otherwise just continue,
and I'll forget about whatever was undefined.

! Undefined control sequence.
l.5 \ktmq
         {%课题名称
The control sequence at the end of the top line
of your error message was never \def'ed. If you have
misspelled it (e.g., `\hobx'), type `I' and the correct
spelling (e.g., `I\hbox'). Otherwise just continue,
and I'll forget about whatever was undefined.


! LaTeX Error: Missing \begin{document}.

See the LaTeX manual or LaTeX Companion for explanation.
Type  H <return>  for immediate help.
 ...                                              
                                                  
l.6 ^^I椭
          圆编程 }
You're in trouble here.  Try typing  <return>  to proceed.
If that doesn't work, type  X <return>  to quit.

Missing character: There is no 椭 in font nullfont!
Missing character: There is no 圆 in font nullfont!
Missing character: There is no 编 in font nullfont!
Missing character: There is no 程 in font nullfont!
! Undefined control sequence.
l.7 \jxmb
         {%教学目标，每行前面要加 \item
The control sequence at the end of the top line
of your error message was never \def'ed. If you have
misspelled it (e.g., `\hobx'), type `I' and the correct
spelling (e.g., `I\hbox'). Otherwise just continue,
and I'll forget about whatever was undefined.


Overfull \hbox (20.0pt too wide) in paragraph at lines 6--8
[] 
 []


! LaTeX Error: Lonely \item--perhaps a missing list environment.

See the LaTeX manual or LaTeX Companion for explanation.
Type  H <return>  for immediate help.
 ...                                              
                                                  
l.8 ^^I\item 掌
                握用循环来实现Z向分层；
Try typing  <return>  to proceed.
If that doesn't work, type  X <return>  to quit.

Missing character: There is no 掌 in font nullfont!
Missing character: There is no 握 in font nullfont!
Missing character: There is no 用 in font nullfont!
Missing character: There is no 循 in font nullfont!
Missing character: There is no 环 in font nullfont!
Missing character: There is no 来 in font nullfont!
Missing character: There is no 实 in font nullfont!
Missing character: There is no 现 in font nullfont!
Missing character: There is no Z in font nullfont!
Missing character: There is no 向 in font nullfont!
Missing character: There is no 分 in font nullfont!
Missing character: There is no 层 in font nullfont!
Missing character: There is no ； in font nullfont!

! LaTeX Error: Lonely \item--perhaps a missing list environment.

See the LaTeX manual or LaTeX Companion for explanation.
Type  H <return>  for immediate help.
 ...                                              
                                                  
l.9 ^^I\item 掌
                握椭圆的宏程序思路；
Try typing  <return>  to proceed.
If that doesn't work, type  X <return>  to quit.

Missing character: There is no 掌 in font nullfont!
Missing character: There is no 握 in font nullfont!
Missing character: There is no 椭 in font nullfont!
Missing character: There is no 圆 in font nullfont!
Missing character: There is no 的 in font nullfont!
Missing character: There is no 宏 in font nullfont!
Missing character: There is no 程 in font nullfont!
Missing character: There is no 序 in font nullfont!
Missing character: There is no 思 in font nullfont!
Missing character: There is no 路 in font nullfont!
Missing character: There is no ； in font nullfont!

! LaTeX Error: Lonely \item--perhaps a missing list environment.

See the LaTeX manual or LaTeX Companion for explanation.
Type  H <return>  for immediate help.
 ...                                              
                                                  
l.10 ^^I\item 掌
                 握椭圆的宏程序。 }
Try typing  <return>  to proceed.
If that doesn't work, type  X <return>  to quit.

Missing character: There is no 掌 in font nullfont!
Missing character: There is no 握 in font nullfont!
Missing character: There is no 椭 in font nullfont!
Missing character: There is no 圆 in font nullfont!
Missing character: There is no 的 in font nullfont!
Missing character: There is no 宏 in font nullfont!
Missing character: There is no 程 in font nullfont!
Missing character: There is no 序 in font nullfont!
Missing character: There is no 。 in font nullfont!
! Undefined control sequence.
l.11 \jxzd
          {%教学重点，每行前面要加 \item
The control sequence at the end of the top line
of your error message was never \def'ed. If you have
misspelled it (e.g., `\hobx'), type `I' and the correct
spelling (e.g., `I\hbox'). Otherwise just continue,
and I'll forget about whatever was undefined.


! LaTeX Error: Lonely \item--perhaps a missing list environment.

See the LaTeX manual or LaTeX Companion for explanation.
Type  H <return>  for immediate help.
 ...                                              
                                                  
l.12 ^^I\item 循
                 环来实现Z向分层；
Try typing  <return>  to proceed.
If that doesn't work, type  X <return>  to quit.

Missing character: There is no 循 in font nullfont!
Missing character: There is no 环 in font nullfont!
Missing character: There is no 来 in font nullfont!
Missing character: There is no 实 in font nullfont!
Missing character: There is no 现 in font nullfont!
Missing character: There is no Z in font nullfont!
Missing character: There is no 向 in font nullfont!
Missing character: There is no 分 in font nullfont!
Missing character: There is no 层 in font nullfont!
Missing character: There is no ； in font nullfont!

! LaTeX Error: Lonely \item--perhaps a missing list environment.

See the LaTeX manual or LaTeX Companion for explanation.
Type  H <return>  for immediate help.
 ...                                              
                                                  
l.13 ^^I\item 椭
                 圆的宏程序思路。 }
Try typing  <return>  to proceed.
If that doesn't work, type  X <return>  to quit.

Missing character: There is no 椭 in font nullfont!
Missing character: There is no 圆 in font nullfont!
Missing character: There is no 的 in font nullfont!
Missing character: There is no 宏 in font nullfont!
Missing character: There is no 程 in font nullfont!
Missing character: There is no 序 in font nullfont!
Missing character: There is no 思 in font nullfont!
Missing character: There is no 路 in font nullfont!
Missing character: There is no 。 in font nullfont!
! Undefined control sequence.
l.14 \jxnd
          {%教学难点，每行前面要加 \item
The control sequence at the end of the top line
of your error message was never \def'ed. If you have
misspelled it (e.g., `\hobx'), type `I' and the correct
spelling (e.g., `I\hbox'). Otherwise just continue,
and I'll forget about whatever was undefined.


! LaTeX Error: Lonely \item--perhaps a missing list environment.

See the LaTeX manual or LaTeX Companion for explanation.
Type  H <return>  for immediate help.
 ...                                              
                                                  
l.15 ^^I\item 椭
                 圆的宏程序思路。 }
Try typing  <return>  to proceed.
If that doesn't work, type  X <return>  to quit.

Missing character: There is no 椭 in font nullfont!
Missing character: There is no 圆 in font nullfont!
Missing character: There is no 的 in font nullfont!
Missing character: There is no 宏 in font nullfont!
Missing character: There is no 程 in font nullfont!
Missing character: There is no 序 in font nullfont!
Missing character: There is no 思 in font nullfont!
Missing character: There is no 路 in font nullfont!
Missing character: There is no 。 in font nullfont!
! Undefined control sequence.
l.16 \jjff
          {%教学方法
The control sequence at the end of the top line
of your error message was never \def'ed. If you have
misspelled it (e.g., `\hobx'), type `I' and the correct
spelling (e.g., `I\hbox'). Otherwise just continue,
and I'll forget about whatever was undefined.

Missing character: There is no 通 in font nullfont!
Missing character: There is no 过 in font nullfont!
Missing character: There is no 讲 in font nullfont!
Missing character: There is no 述 in font nullfont!
Missing character: There is no 、 in font nullfont!
Missing character: There is no 举 in font nullfont!
Missing character: There is no 例 in font nullfont!
Missing character: There is no 、 in font nullfont!
Missing character: There is no 演 in font nullfont!
Missing character: There is no 示 in font nullfont!
Missing character: There is no 法 in font nullfont!
Missing character: There is no 来 in font nullfont!
Missing character: There is no 说 in font nullfont!
Missing character: There is no 明 in font nullfont!
Missing character: There is no ； in font nullfont!
! Undefined control sequence.
l.19 \makeshouye
                 %制作教案首页
The control sequence at the end of the top line
of your error message was never \def'ed. If you have
misspelled it (e.g., `\hobx'), type `I' and the correct
spelling (e.g., `I\hbox'). Otherwise just continue,
and I'll forget about whatever was undefined.

! Undefined control sequence.
l.22 \subsection
                {组织教学}
The control sequence at the end of the top line
of your error message was never \def'ed. If you have
misspelled it (e.g., `\hobx'), type `I' and the correct
spelling (e.g., `I\hbox'). Otherwise just continue,
and I'll forget about whatever was undefined.


! LaTeX Error: Missing \begin{document}.

See the LaTeX manual or LaTeX Companion for explanation.
Type  H <return>  for immediate help.
 ...                                              
                                                  
l.22 \subsection{组
                    织教学}
You're in trouble here.  Try typing  <return>  to proceed.
If that doesn't work, type  X <return>  to quit.

Missing character: There is no 组 in font nullfont!
Missing character: There is no 织 in font nullfont!
Missing character: There is no 教 in font nullfont!
Missing character: There is no 学 in font nullfont!

Overfull \hbox (20.0pt too wide) in paragraph at lines 22--23
[] 
 []


! LaTeX Error: Missing \begin{document}.

See the LaTeX manual or LaTeX Companion for explanation.
Type  H <return>  for immediate help.
 ...                                              
                                                  
l.23 \begin{enumerate}[
                       \hspace{2em}1、]
You're in trouble here.  Try typing  <return>  to proceed.
If that doesn't work, type  X <return>  to quit.

Missing character: There is no [ in font nullfont!
Missing character: There is no 1 in font nullfont!
Missing character: There is no 、 in font nullfont!
Missing character: There is no ] in font nullfont!

! LaTeX Error: Something's wrong--perhaps a missing \item.

See the LaTeX manual or LaTeX Companion for explanation.
Type  H <return>  for immediate help.
 ...                                              
                                                  
l.24 ^^I\item 集
                 中学生注意力；
Try typing  <return>  to proceed.
If that doesn't work, type  X <return>  to quit.


! LaTeX Error: Something's wrong--perhaps a missing \item.

See the LaTeX manual or LaTeX Companion for explanation.
Type  H <return>  for immediate help.
 ...                                              
                                                  
l.24 ^^I\item 集
                 中学生注意力；
Try typing  <return>  to proceed.
If that doesn't work, type  X <return>  to quit.


! LaTeX Error: Something's wrong--perhaps a missing \item.

See the LaTeX manual or LaTeX Companion for explanation.
Type  H <return>  for immediate help.
 ...                                              
                                                  
l.24 ^^I\item 集
                 中学生注意力；
Try typing  <return>  to proceed.
If that doesn't work, type  X <return>  to quit.

Missing character: There is no 集 in font nullfont!
Missing character: There is no 中 in font nullfont!
Missing character: There is no 学 in font nullfont!
Missing character: There is no 生 in font nullfont!
Missing character: There is no 注 in font nullfont!
Missing character: There is no 意 in font nullfont!
Missing character: There is no 力 in font nullfont!
Missing character: There is no ； in font nullfont!

! LaTeX Error: Something's wrong--perhaps a missing \item.

See the LaTeX manual or LaTeX Companion for explanation.
Type  H <return>  for immediate help.
 ...                                              
                                                  
l.25 ^^I\item 清
                 查学生人数；
Try typing  <return>  to proceed.
If that doesn't work, type  X <return>  to quit.


! LaTeX Error: Something's wrong--perhaps a missing \item.

See the LaTeX manual or LaTeX Companion for explanation.
Type  H <return>  for immediate help.
 ...                                              
                                                  
l.25 ^^I\item 清
                 查学生人数；
Try typing  <return>  to proceed.
If that doesn't work, type  X <return>  to quit.


! LaTeX Error: Something's wrong--perhaps a missing \item.

See the LaTeX manual or LaTeX Companion for explanation.
Type  H <return>  for immediate help.
 ...                                              
                                                  
l.25 ^^I\item 清
                 查学生人数；
Try typing  <return>  to proceed.
If that doesn't work, type  X <return>  to quit.

Missing character: There is no 清 in font nullfont!
Missing character: There is no 查 in font nullfont!
Missing character: There is no 学 in font nullfont!
Missing character: There is no 生 in font nullfont!
Missing character: There is no 人 in font nullfont!
Missing character: There is no 数 in font nullfont!
Missing character: There is no ； in font nullfont!

! LaTeX Error: Something's wrong--perhaps a missing \item.

See the LaTeX manual or LaTeX Companion for explanation.
Type  H <return>  for immediate help.
 ...                                              
                                                  
l.26 ^^I\item 维
                 持课堂纪律；
Try typing  <return>  to proceed.
If that doesn't work, type  X <return>  to quit.


! LaTeX Error: Something's wrong--perhaps a missing \item.

See the LaTeX manual or LaTeX Companion for explanation.
Type  H <return>  for immediate help.
 ...                                              
                                                  
l.26 ^^I\item 维
                 持课堂纪律；
Try typing  <return>  to proceed.
If that doesn't work, type  X <return>  to quit.


! LaTeX Error: Something's wrong--perhaps a missing \item.

See the LaTeX manual or LaTeX Companion for explanation.
Type  H <return>  for immediate help.
 ...                                              
                                                  
l.26 ^^I\item 维
                 持课堂纪律；
Try typing  <return>  to proceed.
If that doesn't work, type  X <return>  to quit.

Missing character: There is no 维 in font nullfont!
Missing character: There is no 持 in font nullfont!
Missing character: There is no 课 in font nullfont!
Missing character: There is no 堂 in font nullfont!
Missing character: There is no 纪 in font nullfont!
Missing character: There is no 律 in font nullfont!
Missing character: There is no ； in font nullfont!

! LaTeX Error: Something's wrong--perhaps a missing \item.

See the LaTeX manual or LaTeX Companion for explanation.
Type  H <return>  for immediate help.
 ...                                              
                                                  
l.27 \end{enumerate}
                    
Try typing  <return>  to proceed.
If that doesn't work, type  X <return>  to quit.

! Undefined control sequence.
l.28 \subsection
                {复习导入及主要内容}
The control sequence at the end of the top line
of your error message was never \def'ed. If you have
misspelled it (e.g., `\hobx'), type `I' and the correct
spelling (e.g., `I\hbox'). Otherwise just continue,
and I'll forget about whatever was undefined.

Missing character: There is no 复 in font nullfont!
Missing character: There is no 习 in font nullfont!
Missing character: There is no 导 in font nullfont!
Missing character: There is no 入 in font nullfont!
Missing character: There is no 及 in font nullfont!
Missing character: There is no 主 in font nullfont!
Missing character: There is no 要 in font nullfont!
Missing character: There is no 内 in font nullfont!
Missing character: There is no 容 in font nullfont!
Missing character: There is no [ in font nullfont!
Missing character: There is no 1 in font nullfont!
Missing character: There is no 、 in font nullfont!
Missing character: There is no ] in font nullfont!

! LaTeX Error: Something's wrong--perhaps a missing \item.

See the LaTeX manual or LaTeX Companion for explanation.
Type  H <return>  for immediate help.
 ...                                              
                                                  
l.30 \item Z
            向分层；
Try typing  <return>  to proceed.
If that doesn't work, type  X <return>  to quit.


! LaTeX Error: Something's wrong--perhaps a missing \item.

See the LaTeX manual or LaTeX Companion for explanation.
Type  H <return>  for immediate help.
 ...                                              
                                                  
l.30 \item Z
            向分层；
Try typing  <return>  to proceed.
If that doesn't work, type  X <return>  to quit.


! LaTeX Error: Something's wrong--perhaps a missing \item.

See the LaTeX manual or LaTeX Companion for explanation.
Type  H <return>  for immediate help.
 ...                                              
                                                  
l.30 \item Z
            向分层；
Try typing  <return>  to proceed.
If that doesn't work, type  X <return>  to quit.

Missing character: There is no Z in font nullfont!
Missing character: There is no 向 in font nullfont!
Missing character: There is no 分 in font nullfont!
Missing character: There is no 层 in font nullfont!
Missing character: There is no ； in font nullfont!

! LaTeX Error: Something's wrong--perhaps a missing \item.

See the LaTeX manual or LaTeX Companion for explanation.
Type  H <return>  for immediate help.
 ...                                              
                                                  
l.31 \item I
            F THEN 指令；
Try typing  <return>  to proceed.
If that doesn't work, type  X <return>  to quit.


! LaTeX Error: Something's wrong--perhaps a missing \item.

See the LaTeX manual or LaTeX Companion for explanation.
Type  H <return>  for immediate help.
 ...                                              
                                                  
l.31 \item I
            F THEN 指令；
Try typing  <return>  to proceed.
If that doesn't work, type  X <return>  to quit.


! LaTeX Error: Something's wrong--perhaps a missing \item.

See the LaTeX manual or LaTeX Companion for explanation.
Type  H <return>  for immediate help.
 ...                                              
                                                  
l.31 \item I
            F THEN 指令；
Try typing  <return>  to proceed.
If that doesn't work, type  X <return>  to quit.

Missing character: There is no I in font nullfont!
Missing character: There is no F in font nullfont!
Missing character: There is no T in font nullfont!
Missing character: There is no H in font nullfont!
Missing character: There is no E in font nullfont!
Missing character: There is no N in font nullfont!
Missing character: There is no 指 in font nullfont!
Missing character: There is no 令 in font nullfont!
Missing character: There is no ； in font nullfont!

! LaTeX Error: Something's wrong--perhaps a missing \item.

See the LaTeX manual or LaTeX Companion for explanation.
Type  H <return>  for immediate help.
 ...                                              
                                                  
l.32 \item Z
            向分层的应用；
Try typing  <return>  to proceed.
If that doesn't work, type  X <return>  to quit.


! LaTeX Error: Something's wrong--perhaps a missing \item.

See the LaTeX manual or LaTeX Companion for explanation.
Type  H <return>  for immediate help.
 ...                                              
                                                  
l.32 \item Z
            向分层的应用；
Try typing  <return>  to proceed.
If that doesn't work, type  X <return>  to quit.


! LaTeX Error: Something's wrong--perhaps a missing \item.

See the LaTeX manual or LaTeX Companion for explanation.
Type  H <return>  for immediate help.
 ...                                              
                                                  
l.32 \item Z
            向分层的应用；
Try typing  <return>  to proceed.
If that doesn't work, type  X <return>  to quit.

Missing character: There is no Z in font nullfont!
Missing character: There is no 向 in font nullfont!
Missing character: There is no 分 in font nullfont!
Missing character: There is no 层 in font nullfont!
Missing character: There is no 的 in font nullfont!
Missing character: There is no 应 in font nullfont!
Missing character: There is no 用 in font nullfont!
Missing character: There is no ； in font nullfont!

! LaTeX Error: Something's wrong--perhaps a missing \item.

See the LaTeX manual or LaTeX Companion for explanation.
Type  H <return>  for immediate help.
 ...                                              
                                                  
l.33 \end{enumerate}
                    
Try typing  <return>  to proceed.
If that doesn't work, type  X <return>  to quit.

! Undefined control sequence.
l.34 \subsection
                {教学内容及过程}
The control sequence at the end of the top line
of your error message was never \def'ed. If you have
misspelled it (e.g., `\hobx'), type `I' and the correct
spelling (e.g., `I\hbox'). Otherwise just continue,
and I'll forget about whatever was undefined.

Missing character: There is no 教 in font nullfont!
Missing character: There is no 学 in font nullfont!
Missing character: There is no 内 in font nullfont!
Missing character: There is no 容 in font nullfont!
Missing character: There is no 及 in font nullfont!
Missing character: There is no 过 in font nullfont!
Missing character: There is no 程 in font nullfont!
! Undefined control sequence.
l.35 \subsubsection
                   {非圆曲线的拟合加工} %\marginpar{举例说明}
The control sequence at the end of the top line
of your error message was never \def'ed. If you have
misspelled it (e.g., `\hobx'), type `I' and the correct
spelling (e.g., `I\hbox'). Otherwise just continue,
and I'll forget about whatever was undefined.

Missing character: There is no 非 in font nullfont!
Missing character: There is no 圆 in font nullfont!
Missing character: There is no 曲 in font nullfont!
Missing character: There is no 线 in font nullfont!
Missing character: There is no 的 in font nullfont!
Missing character: There is no 拟 in font nullfont!
Missing character: There is no 合 in font nullfont!
Missing character: There is no 加 in font nullfont!
Missing character: There is no 工 in font nullfont!
Missing character: There is no 数 in font nullfont!
Missing character: There is no 控 in font nullfont!
Missing character: There is no 机 in font nullfont!
Missing character: There is no 床 in font nullfont!
Missing character: There is no 一 in font nullfont!
Missing character: There is no 般 in font nullfont!
Missing character: There is no 中 in font nullfont!
Missing character: There is no 能 in font nullfont!
Missing character: There is no 作 in font nullfont!
Missing character: There is no 直 in font nullfont!
Missing character: There is no 线 in font nullfont!
Missing character: There is no 插 in font nullfont!
Missing character: There is no 补 in font nullfont!
Missing character: There is no 和 in font nullfont!
Missing character: There is no 圆 in font nullfont!
Missing character: There is no 弧 in font nullfont!
Missing character: There is no 插 in font nullfont!
Missing character: There is no 补 in font nullfont!
Missing character: There is no . in font nullfont!
Missing character: There is no 遇 in font nullfont!
Missing character: There is no 到 in font nullfont!
Missing character: There is no 工 in font nullfont!
Missing character: There is no 件 in font nullfont!
Missing character: There is no 轮 in font nullfont!
Missing character: There is no 廓 in font nullfont!
Missing character: There is no 是 in font nullfont!
Missing character: There is no 非 in font nullfont!
Missing character: There is no 圆 in font nullfont!
Missing character: There is no 曲 in font nullfont!
Missing character: There is no 线 in font nullfont!
Missing character: There is no 的 in font nullfont!
Missing character: There is no 零 in font nullfont!
Missing character: There is no 件 in font nullfont!
Missing character: There is no 时 in font nullfont!
Missing character: There is no . in font nullfont!
Missing character: There is no 常 in font nullfont!
Missing character: There is no 用 in font nullfont!
Missing character: There is no 直 in font nullfont!
Missing character: There is no 线 in font nullfont!
Missing character: There is no 段 in font nullfont!
Missing character: There is no 或 in font nullfont!
Missing character: There is no 圆 in font nullfont!
Missing character: There is no 弧 in font nullfont!
Missing character: There is no 去 in font nullfont!
Missing character: There is no 逼 in font nullfont!
Missing character: There is no 近 in font nullfont!
Missing character: There is no 非 in font nullfont!
Missing character: There is no 圆 in font nullfont!
Missing character: There is no 曲 in font nullfont!
Missing character: There is no 线 in font nullfont!
Missing character: There is no . in font nullfont!
Missing character: There is no 即 in font nullfont!
Missing character: There is no 拟 in font nullfont!
Missing character: There is no 合 in font nullfont!
Missing character: There is no 加 in font nullfont!
Missing character: There is no 工 in font nullfont!
Missing character: There is no . in font nullfont!
Missing character: There is no 只 in font nullfont!
Missing character: There is no 要 in font nullfont!
Missing character: There is no 拟 in font nullfont!
Missing character: There is no 合 in font nullfont!
Missing character: There is no 误 in font nullfont!
Missing character: There is no 差 in font nullfont!
Missing character: There is no 在 in font nullfont!
Missing character: There is no 允 in font nullfont!
Missing character: There is no 许 in font nullfont!
Missing character: There is no 的 in font nullfont!
Missing character: There is no 范 in font nullfont!
Missing character: There is no 围 in font nullfont!
Missing character: There is no 内 in font nullfont!
Missing character: There is no 就 in font nullfont!
Missing character: There is no 行 in font nullfont!
Missing character: There is no 了 in font nullfont!
Missing character: There is no . in font nullfont!
! Undefined control sequence.
l.38  \paragraph
                {分段}
The control sequence at the end of the top line
of your error message was never \def'ed. If you have
misspelled it (e.g., `\hobx'), type `I' and the correct
spelling (e.g., `I\hbox'). Otherwise just continue,
and I'll forget about whatever was undefined.

Missing character: There is no 分 in font nullfont!
Missing character: There is no 段 in font nullfont!
Missing character: There is no 等 in font nullfont!
Missing character: There is no 插 in font nullfont!
Missing character: There is no 补 in font nullfont!
Missing character: There is no 段 in font nullfont!
Missing character: There is no 法 in font nullfont!
Missing character: There is no ( in font nullfont!
Missing character: There is no 求 in font nullfont!
Missing character: There is no 最 in font nullfont!
Missing character: There is no 小 in font nullfont!
Missing character: There is no 曲 in font nullfont!
Missing character: There is no 率 in font nullfont!
Missing character: There is no 半 in font nullfont!
Missing character: There is no 径 in font nullfont!
Missing character: There is no R in font nullfont!
Missing character: There is no m in font nullfont!
Missing character: There is no i in font nullfont!
Missing character: There is no n in font nullfont!
Missing character: There is no , in font nullfont!
Missing character: There is no 求 in font nullfont!
Missing character: There is no 在 in font nullfont!
Missing character: There is no 允 in font nullfont!
Missing character: There is no 许 in font nullfont!
Missing character: There is no 插 in font nullfont!
Missing character: There is no 补 in font nullfont!
Missing character: There is no 误 in font nullfont!
Missing character: There is no 差 in font nullfont!
Missing character: There is no 时 in font nullfont!
Missing character: There is no 的 in font nullfont!
Missing character: There is no 弦 in font nullfont!
Missing character: There is no 长 in font nullfont!
Missing character: There is no , in font nullfont!
Missing character: There is no 求 in font nullfont!
Missing character: There is no 坐 in font nullfont!
Missing character: There is no 标 in font nullfont!
Missing character: There is no ) in font nullfont!

Overfull \hbox (20.0pt too wide) in paragraph at lines 38--40
[]
 []

Missing character: There is no 等 in font nullfont!
Missing character: There is no 插 in font nullfont!
Missing character: There is no 补 in font nullfont!
Missing character: There is no 误 in font nullfont!
Missing character: There is no 差 in font nullfont!
Missing character: There is no 法 in font nullfont!
Missing character: There is no ( in font nullfont!
Missing character: There is no 以 in font nullfont!
Missing character: There is no 起 in font nullfont!
Missing character: There is no 点 in font nullfont!
Missing character: There is no 建 in font nullfont!
Missing character: There is no 立 in font nullfont!
Missing character: There is no 误 in font nullfont!
Missing character: There is no 差 in font nullfont!
Missing character: There is no 圆 in font nullfont!
Missing character: There is no , in font nullfont!
Missing character: There is no 求 in font nullfont!
Missing character: There is no 该 in font nullfont!
Missing character: There is no 圆 in font nullfont!
Missing character: There is no 与 in font nullfont!
Missing character: There is no 曲 in font nullfont!
Missing character: There is no 线 in font nullfont!
Missing character: There is no 的 in font nullfont!
Missing character: There is no 公 in font nullfont!
Missing character: There is no 切 in font nullfont!
Missing character: There is no 线 in font nullfont!
Missing character: There is no 的 in font nullfont!
Missing character: There is no 斜 in font nullfont!
Missing character: There is no 率 in font nullfont!
Missing character: There is no , in font nullfont!
Missing character: There is no 以 in font nullfont!
Missing character: There is no 起 in font nullfont!
Missing character: There is no 点 in font nullfont!
Missing character: There is no 作 in font nullfont!
Missing character: There is no 公 in font nullfont!
Missing character: There is no 切 in font nullfont!
Missing character: There is no 线 in font nullfont!
Missing character: There is no 的 in font nullfont!
Missing character: There is no 平 in font nullfont!
Missing character: There is no 行 in font nullfont!
Missing character: There is no 线 in font nullfont!
Missing character: There is no , in font nullfont!
Missing character: There is no 计 in font nullfont!
Missing character: There is no 算 in font nullfont!
Missing character: There is no 坐 in font nullfont!
Missing character: There is no 标 in font nullfont!
Missing character: There is no . in font nullfont!
Missing character: There is no ) in font nullfont!

Overfull \hbox (20.0pt too wide) in paragraph at lines 41--42
[]
 []

Missing character: There is no 其 in font nullfont!
Missing character: There is no 它 in font nullfont!
Missing character: There is no 方 in font nullfont!
Missing character: There is no 法 in font nullfont!
Missing character: There is no : in font nullfont!
Missing character: There is no ( in font nullfont!
Missing character: There is no 等 in font nullfont!
Missing character: There is no 角 in font nullfont!
Missing character: There is no 度 in font nullfont!
Missing character: There is no ) in font nullfont!

Overfull \hbox (20.0pt too wide) in paragraph at lines 43--44
[]
 []

! Undefined control sequence.
l.45 \paragraph
               {用直线拟合}
The control sequence at the end of the top line
of your error message was never \def'ed. If you have
misspelled it (e.g., `\hobx'), type `I' and the correct
spelling (e.g., `I\hbox'). Otherwise just continue,
and I'll forget about whatever was undefined.

Missing character: There is no 用 in font nullfont!
Missing character: There is no 直 in font nullfont!
Missing character: There is no 线 in font nullfont!
Missing character: There is no 拟 in font nullfont!
Missing character: There is no 合 in font nullfont!
Missing character: There is no 弦 in font nullfont!
Missing character: There is no 线 in font nullfont!
Missing character: There is no , in font nullfont!
Missing character: There is no 割 in font nullfont!
Missing character: There is no 线 in font nullfont!
Missing character: There is no , in font nullfont!
Missing character: There is no 切 in font nullfont!
Missing character: There is no 线 in font nullfont!
! Undefined control sequence.
l.47  \paragraph
                {圆弧逼近法}
The control sequence at the end of the top line
of your error message was never \def'ed. If you have
misspelled it (e.g., `\hobx'), type `I' and the correct
spelling (e.g., `I\hbox'). Otherwise just continue,
and I'll forget about whatever was undefined.

Missing character: There is no 圆 in font nullfont!
Missing character: There is no 弧 in font nullfont!
Missing character: There is no 逼 in font nullfont!
Missing character: There is no 近 in font nullfont!
Missing character: There is no 法 in font nullfont!
Missing character: There is no 通 in font nullfont!
Missing character: There is no 过 in font nullfont!
Missing character: There is no 三 in font nullfont!
Missing character: There is no 点 in font nullfont!
Missing character: There is no 作 in font nullfont!
Missing character: There is no 圆 in font nullfont!
Missing character: There is no ( in font nullfont!
Missing character: There is no 这 in font nullfont!
Missing character: There is no 三 in font nullfont!
Missing character: There is no 点 in font nullfont!
Missing character: There is no 是 in font nullfont!
Missing character: There is no 上 in font nullfont!
Missing character: There is no 面 in font nullfont!
Missing character: There is no 分 in font nullfont!
Missing character: There is no 段 in font nullfont!
Missing character: There is no 中 in font nullfont!
Missing character: There is no 的 in font nullfont!
Missing character: There is no 三 in font nullfont!
Missing character: There is no 个 in font nullfont!
Missing character: There is no 点 in font nullfont!
Missing character: There is no ) in font nullfont!

Overfull \hbox (20.0pt too wide) in paragraph at lines 45--49
[]
 []

Missing character: There is no 计 in font nullfont!
Missing character: There is no 算 in font nullfont!
Missing character: There is no 圆 in font nullfont!
Missing character: There is no 心 in font nullfont!

Overfull \hbox (20.0pt too wide) in paragraph at lines 50--51
[] 
 []

Missing character: There is no 计 in font nullfont!
Missing character: There is no 算 in font nullfont!
Missing character: There is no 坐 in font nullfont!
Missing character: There is no 标 in font nullfont!

Overfull \hbox (20.0pt too wide) in paragraph at lines 52--53
[] 
 []

! Undefined control sequence.
l.54 \subsubsection
                   {椭圆的数学模型}
The control sequence at the end of the top line
of your error message was never \def'ed. If you have
misspelled it (e.g., `\hobx'), type `I' and the correct
spelling (e.g., `I\hbox'). Otherwise just continue,
and I'll forget about whatever was undefined.

Missing character: There is no 椭 in font nullfont!
Missing character: There is no 圆 in font nullfont!
Missing character: There is no 的 in font nullfont!
Missing character: There is no 数 in font nullfont!
Missing character: There is no 学 in font nullfont!
Missing character: There is no 模 in font nullfont!
Missing character: There is no 型 in font nullfont!
! Undefined control sequence.
l.55 \subsubsection
                   {参数方程}
The control sequence at the end of the top line
of your error message was never \def'ed. If you have
misspelled it (e.g., `\hobx'), type `I' and the correct
spelling (e.g., `I\hbox'). Otherwise just continue,
and I'll forget about whatever was undefined.

Missing character: There is no 参 in font nullfont!
Missing character: There is no 数 in font nullfont!
Missing character: There is no 方 in font nullfont!
Missing character: There is no 程 in font nullfont!

Overfull \hbox (20.0pt too wide) in paragraph at lines 54--56
[]
 []

LaTeX Font Info:    External font `cmex10' loaded for size
(Font)              <7> on input line 56.
LaTeX Font Info:    External font `cmex10' loaded for size
(Font)              <5> on input line 56.

Overfull \hbox (61.82866pt too wide) detected at line 56
\OML/cmm/m/it/10 X \OT1/cmr/m/n/10 = \OML/cmm/m/it/10 A \OMS/cmsy/m/n/10 ^^C \O
ML/cmm/m/it/10 cos\OT1/cmr/m/n/10 (\OML/cmm/m/it/10 a\OT1/cmr/m/n/10 )
 []


Overfull \hbox (61.6465pt too wide) detected at line 57
\OML/cmm/m/it/10 Y \OT1/cmr/m/n/10 = \OML/cmm/m/it/10 B \OMS/cmsy/m/n/10 ^^C \O
ML/cmm/m/it/10 sin\OT1/cmr/m/n/10 (\OML/cmm/m/it/10 a\OT1/cmr/m/n/10 )
 []

Missing character: There is no 使 in font nullfont!
Missing character: There is no 用 in font nullfont!
Missing character: There is no 角 in font nullfont!
Missing character: There is no 度 in font nullfont!
Missing character: There is no 控 in font nullfont!
Missing character: There is no 制 in font nullfont!
! Undefined control sequence.
l.59 \subsubsection
                   { 普通方程}
The control sequence at the end of the top line
of your error message was never \def'ed. If you have
misspelled it (e.g., `\hobx'), type `I' and the correct
spelling (e.g., `I\hbox'). Otherwise just continue,
and I'll forget about whatever was undefined.

Missing character: There is no 普 in font nullfont!
Missing character: There is no 通 in font nullfont!
Missing character: There is no 方 in font nullfont!
Missing character: There is no 程 in font nullfont!

Overfull \hbox (57.03952pt too wide) detected at line 60
[] \OT1/cmr/m/n/10 + [] = 1
 []

Missing character: There is no 可 in font nullfont!
Missing character: There is no 使 in font nullfont!
Missing character: There is no 用 in font nullfont!
Missing character: There is no 控 in font nullfont!
Missing character: There is no 制 in font nullfont!
Missing character: There is no , in font nullfont!
Missing character: There is no 常 in font nullfont!
Missing character: There is no 用 in font nullfont!
Missing character: There is no 于 in font nullfont!
Missing character: There is no 车 in font nullfont!
Missing character: There is no 床 in font nullfont!

Overfull \hbox (9.06943pt too wide) in paragraph at lines 60--62
$\OML/cmm/m/it/10 X$
 []

! Undefined control sequence.
l.63 \subsubsection
                   {椭圆的宏程序:}
The control sequence at the end of the top line
of your error message was never \def'ed. If you have
misspelled it (e.g., `\hobx'), type `I' and the correct
spelling (e.g., `I\hbox'). Otherwise just continue,
and I'll forget about whatever was undefined.

Missing character: There is no 椭 in font nullfont!
Missing character: There is no 圆 in font nullfont!
Missing character: There is no 的 in font nullfont!
Missing character: There is no 宏 in font nullfont!
Missing character: There is no 程 in font nullfont!
Missing character: There is no 序 in font nullfont!
Missing character: There is no : in font nullfont!

Overfull \hbox (20.0pt too wide) in paragraph at lines 63--64
[] 
 []


Overfull \hbox (63.0pt too wide) in paragraph at lines 68--68
[]\TU/lmtt/m/n/10 N100 #3=#3-1[] 
 []


Overfull \hbox (157.5pt too wide) in paragraph at lines 68--68
[]\TU/lmtt/m/n/10 G1 X[#1*COS[#3]] Y[#1*SIN[#3]][] 
 []


Overfull \hbox (120.75pt too wide) in paragraph at lines 68--68
[]\TU/lmtt/m/n/10 IF [#1 GT -180] GOTO100[] 
 []

! Undefined control sequence.
l.69 \subsubsection
                   {GOTO指令}
The control sequence at the end of the top line
of your error message was never \def'ed. If you have
misspelled it (e.g., `\hobx'), type `I' and the correct
spelling (e.g., `I\hbox'). Otherwise just continue,
and I'll forget about whatever was undefined.

Missing character: There is no G in font nullfont!
Missing character: There is no O in font nullfont!
Missing character: There is no T in font nullfont!
Missing character: There is no O in font nullfont!
Missing character: There is no 指 in font nullfont!
Missing character: There is no 令 in font nullfont!
Missing character: There is no 无 in font nullfont!
Missing character: There is no 条 in font nullfont!
Missing character: There is no 件 in font nullfont!
Missing character: There is no 转 in font nullfont!
Missing character: There is no 移 in font nullfont!
Missing character: There is no 。 in font nullfont!
! Undefined control sequence.
l.72 \subsection
                {课堂小结}
The control sequence at the end of the top line
of your error message was never \def'ed. If you have
misspelled it (e.g., `\hobx'), type `I' and the correct
spelling (e.g., `I\hbox'). Otherwise just continue,
and I'll forget about whatever was undefined.

Missing character: There is no 课 in font nullfont!
Missing character: There is no 堂 in font nullfont!
Missing character: There is no 小 in font nullfont!
Missing character: There is no 结 in font nullfont!

Overfull \hbox (20.0pt too wide) in paragraph at lines 72--73
[] 
 []


Overfull \hbox (20.0pt too wide) in paragraph at lines 74--74
[] 
 []

Missing character: There is no [ in font nullfont!
Missing character: There is no 1 in font nullfont!
Missing character: There is no 、 in font nullfont!
Missing character: There is no ] in font nullfont!

! LaTeX Error: Something's wrong--perhaps a missing \item.

See the LaTeX manual or LaTeX Companion for explanation.
Type  H <return>  for immediate help.
 ...                                              
                                                  
l.75 ^^I\item Z
               向分层
Try typing  <return>  to proceed.
If that doesn't work, type  X <return>  to quit.


! LaTeX Error: Something's wrong--perhaps a missing \item.

See the LaTeX manual or LaTeX Companion for explanation.
Type  H <return>  for immediate help.
 ...                                              
                                                  
l.75 ^^I\item Z
               向分层
Try typing  <return>  to proceed.
If that doesn't work, type  X <return>  to quit.


! LaTeX Error: Something's wrong--perhaps a missing \item.

See the LaTeX manual or LaTeX Companion for explanation.
Type  H <return>  for immediate help.
 ...                                              
                                                  
l.75 ^^I\item Z
               向分层
Try typing  <return>  to proceed.
If that doesn't work, type  X <return>  to quit.

Missing character: There is no Z in font nullfont!
Missing character: There is no 向 in font nullfont!
Missing character: There is no 分 in font nullfont!
Missing character: There is no 层 in font nullfont!

! LaTeX Error: Something's wrong--perhaps a missing \item.

See the LaTeX manual or LaTeX Companion for explanation.
Type  H <return>  for immediate help.
 ...                                              
                                                  
l.76 ^^I\item I
               F Then
Try typing  <return>  to proceed.
If that doesn't work, type  X <return>  to quit.


! LaTeX Error: Something's wrong--perhaps a missing \item.

See the LaTeX manual or LaTeX Companion for explanation.
Type  H <return>  for immediate help.
 ...                                              
                                                  
l.76 ^^I\item I
               F Then
Try typing  <return>  to proceed.
If that doesn't work, type  X <return>  to quit.


! LaTeX Error: Something's wrong--perhaps a missing \item.

See the LaTeX manual or LaTeX Companion for explanation.
Type  H <return>  for immediate help.
 ...                                              
                                                  
l.76 ^^I\item I
               F Then
Try typing  <return>  to proceed.
If that doesn't work, type  X <return>  to quit.

Missing character: There is no I in font nullfont!
Missing character: There is no F in font nullfont!
Missing character: There is no T in font nullfont!
Missing character: There is no h in font nullfont!
Missing character: There is no e in font nullfont!
Missing character: There is no n in font nullfont!

! LaTeX Error: Something's wrong--perhaps a missing \item.

See the LaTeX manual or LaTeX Companion for explanation.
Type  H <return>  for immediate help.
 ...                                              
                                                  
l.77 ^^I\item 应
                 用
Try typing  <return>  to proceed.
If that doesn't work, type  X <return>  to quit.


! LaTeX Error: Something's wrong--perhaps a missing \item.

See the LaTeX manual or LaTeX Companion for explanation.
Type  H <return>  for immediate help.
 ...                                              
                                                  
l.77 ^^I\item 应
                 用
Try typing  <return>  to proceed.
If that doesn't work, type  X <return>  to quit.


! LaTeX Error: Something's wrong--perhaps a missing \item.

See the LaTeX manual or LaTeX Companion for explanation.
Type  H <return>  for immediate help.
 ...                                              
                                                  
l.77 ^^I\item 应
                 用
Try typing  <return>  to proceed.
If that doesn't work, type  X <return>  to quit.

Missing character: There is no 应 in font nullfont!
Missing character: There is no 用 in font nullfont!

! LaTeX Error: Something's wrong--perhaps a missing \item.

See the LaTeX manual or LaTeX Companion for explanation.
Type  H <return>  for immediate help.
 ...                                              
                                                  
l.78 \end{enumerate}
                    
Try typing  <return>  to proceed.
If that doesn't work, type  X <return>  to quit.

! Undefined control sequence.
l.80 \subsection
                {布置作业}
The control sequence at the end of the top line
of your error message was never \def'ed. If you have
misspelled it (e.g., `\hobx'), type `I' and the correct
spelling (e.g., `I\hbox'). Otherwise just continue,
and I'll forget about whatever was undefined.

Missing character: There is no 布 in font nullfont!
Missing character: There is no 置 in font nullfont!
Missing character: There is no 作 in font nullfont!
Missing character: There is no 业 in font nullfont!

Overfull \hbox (20.0pt too wide) in paragraph at lines 80--81
[] 
 []

Missing character: There is no [ in font nullfont!
Missing character: There is no 1 in font nullfont!
Missing character: There is no 、 in font nullfont!
Missing character: There is no ] in font nullfont!

! LaTeX Error: Something's wrong--perhaps a missing \item.

See the LaTeX manual or LaTeX Companion for explanation.
Type  H <return>  for immediate help.
 ...                                              
                                                  
l.82 ^^I\item 自
                 选1个图进行Z向分层应用。
Try typing  <return>  to proceed.
If that doesn't work, type  X <return>  to quit.


! LaTeX Error: Something's wrong--perhaps a missing \item.

See the LaTeX manual or LaTeX Companion for explanation.
Type  H <return>  for immediate help.
 ...                                              
                                                  
l.82 ^^I\item 自
                 选1个图进行Z向分层应用。
Try typing  <return>  to proceed.
If that doesn't work, type  X <return>  to quit.


! LaTeX Error: Something's wrong--perhaps a missing \item.

See the LaTeX manual or LaTeX Companion for explanation.
Type  H <return>  for immediate help.
 ...                                              
                                                  
l.82 ^^I\item 自
                 选1个图进行Z向分层应用。
Try typing  <return>  to proceed.
If that doesn't work, type  X <return>  to quit.

Missing character: There is no 自 in font nullfont!
Missing character: There is no 选 in font nullfont!
Missing character: There is no 1 in font nullfont!
Missing character: There is no 个 in font nullfont!
Missing character: There is no 图 in font nullfont!
Missing character: There is no 进 in font nullfont!
Missing character: There is no 行 in font nullfont!
Missing character: There is no Z in font nullfont!
Missing character: There is no 向 in font nullfont!
Missing character: There is no 分 in font nullfont!
Missing character: There is no 层 in font nullfont!
Missing character: There is no 应 in font nullfont!
Missing character: There is no 用 in font nullfont!
Missing character: There is no 。 in font nullfont!

! LaTeX Error: Something's wrong--perhaps a missing \item.

See the LaTeX manual or LaTeX Companion for explanation.
Type  H <return>  for immediate help.
 ...                                              
                                                  
l.83 \end{enumerate}
                    
Try typing  <return>  to proceed.
If that doesn't work, type  X <return>  to quit.

)
! Emergency stop.
<*> ./sec4.tex
              
*** (job aborted, no legal \end found)

 
Here is how much of TeX's memory you used:
 15 strings out of 493005
 219 string characters out of 6140057
 64634 words of memory out of 5000000
 4084 multiletter control sequences out of 15000+600000
 3656 words of font info for 16 fonts, out of 8000000 for 9000
 1348 hyphenation exceptions out of 8191
 17i,2n,12p,92b,159s stack positions out of 5000i,500n,10000p,200000b,80000s
No pages of output.
